<?xml version="1.0" encoding="UTF-8"?>
<!-- Generated by org.testng.reporters.JUnitXMLReporter -->
<testsuite hostname="DESKTOP-SP1DG6S" ignored="0" name="HTML_Report" tests="3" failures="0" timestamp="2020-07-08T22:54:58 IST" time="9.801" errors="0">
  <testcase name="simpleAlertTestCase" time="0.158" classname="testNGTests.Activity9"/>
  <testcase name="confirmAlertTestCase" time="0.17" classname="testNGTests.Activity9"/>
  <testcase name="promptAlertTestCase" time="0.199" classname="testNGTests.Activity9"/>
</testsuite> <!-- HTML_Report -->
