<?xml version="1.0" encoding="UTF-8"?>
<!-- Generated by org.testng.reporters.JUnitXMLReporter -->
<testsuite hostname="DESKTOP-SP1DG6S" ignored="0" name="Default test" tests="5" failures="0" timestamp="2020-07-09T21:18:25 IST" time="8.866" errors="0">
  <testcase name="Middlevalue" time="0.453" classname="testNGTests.Activity10"/>
  <testcase name="MaximumValue" time="0.425" classname="testNGTests.Activity10"/>
  <testcase name="MinimumValue" time="0.448" classname="testNGTests.Activity10"/>
  <testcase name="ThirthyPercentageValue" time="0.458" classname="testNGTests.Activity10"/>
  <testcase name="EightyPercentageValue" time="0.441" classname="testNGTests.Activity10"/>
</testsuite> <!-- Default test -->
