<?xml version="1.0" encoding="UTF-8"?>
<testng-results skipped="0" failed="0" ignored="0" total="5" passed="5">
  <reporter-output>
    <line>
      <![CDATA[Before Test Browser Launch ]]>
    </line>
    <line>
      <![CDATA[Before Test Ended]]>
    </line>
    <line>
      <![CDATA[After Test Started]]>
    </line>
    <line>
      <![CDATA[After Test Ended]]>
    </line>
  </reporter-output>
  <suite name="Default suite" duration-ms="8866" started-at="2020-07-09T21:18:16 IST" finished-at="2020-07-09T21:18:25 IST">
    <groups>
    </groups>
    <test name="Default test" duration-ms="8866" started-at="2020-07-09T21:18:16 IST" finished-at="2020-07-09T21:18:25 IST">
      <class name="testNGTests.Activity10">
        <test-method status="PASS" signature="LaunchBrowser()[pri:0, instance:testNGTests.Activity10@6ebc05a6]" name="LaunchBrowser" is-config="true" duration-ms="6516" started-at="2020-07-09T21:18:16 IST" finished-at="2020-07-09T21:18:23 IST">
          <reporter-output>
            <line>
              <![CDATA[Before Test Browser Launch ]]>
            </line>
            <line>
              <![CDATA[Before Test Ended]]>
            </line>
          </reporter-output>
        </test-method> <!-- LaunchBrowser -->
        <test-method status="PASS" signature="Middlevalue()[pri:0, instance:testNGTests.Activity10@6ebc05a6]" name="Middlevalue" duration-ms="453" started-at="2020-07-09T21:18:23 IST" finished-at="2020-07-09T21:18:23 IST">
          <reporter-output>
          </reporter-output>
        </test-method> <!-- Middlevalue -->
        <test-method status="PASS" signature="MaximumValue()[pri:1, instance:testNGTests.Activity10@6ebc05a6]" name="MaximumValue" duration-ms="425" started-at="2020-07-09T21:18:23 IST" finished-at="2020-07-09T21:18:24 IST">
          <reporter-output>
          </reporter-output>
        </test-method> <!-- MaximumValue -->
        <test-method status="PASS" signature="MinimumValue()[pri:2, instance:testNGTests.Activity10@6ebc05a6]" name="MinimumValue" duration-ms="448" started-at="2020-07-09T21:18:24 IST" finished-at="2020-07-09T21:18:24 IST">
          <reporter-output>
          </reporter-output>
        </test-method> <!-- MinimumValue -->
        <test-method status="PASS" signature="ThirthyPercentageValue()[pri:3, instance:testNGTests.Activity10@6ebc05a6]" name="ThirthyPercentageValue" duration-ms="458" started-at="2020-07-09T21:18:24 IST" finished-at="2020-07-09T21:18:24 IST">
          <reporter-output>
          </reporter-output>
        </test-method> <!-- ThirthyPercentageValue -->
        <test-method status="PASS" signature="EightyPercentageValue()[pri:4, instance:testNGTests.Activity10@6ebc05a6]" name="EightyPercentageValue" duration-ms="441" started-at="2020-07-09T21:18:25 IST" finished-at="2020-07-09T21:18:25 IST">
          <reporter-output>
          </reporter-output>
        </test-method> <!-- EightyPercentageValue -->
        <test-method status="PASS" signature="CloseBrowser()[pri:0, instance:testNGTests.Activity10@6ebc05a6]" name="CloseBrowser" is-config="true" duration-ms="0" started-at="2020-07-09T21:18:25 IST" finished-at="2020-07-09T21:18:25 IST">
          <reporter-output>
            <line>
              <![CDATA[After Test Started]]>
            </line>
            <line>
              <![CDATA[After Test Ended]]>
            </line>
          </reporter-output>
        </test-method> <!-- CloseBrowser -->
      </class> <!-- testNGTests.Activity10 -->
    </test> <!-- Default test -->
  </suite> <!-- Default suite -->
</testng-results>
