<?xml version="1.0" encoding="UTF-8"?>
<!-- Generated by org.testng.reporters.JUnitXMLReporter -->
<testsuite hostname="DESKTOP-SP1DG6S" ignored="0" name="test" tests="3" failures="0" timestamp="2020-07-08T22:44:22 IST" time="9.387" errors="0">
  <testcase name="confirmAlertTestCase" time="0.158" classname="testNGTests.Activity9"/>
  <testcase name="promptAlertTestCase" time="0.209" classname="testNGTests.Activity9"/>
  <testcase name="simpleAlertTestCase" time="0.144" classname="testNGTests.Activity9"/>
</testsuite> <!-- test -->
